<?xml version="1.0" encoding="UTF-8"?>
<!-- Generated by org.testng.reporters.JUnitReportReporter -->
<testsuite hostname="Rajitha6303" failures="0" tests="2" name="Virtusa.MobileFramework.TC_001_FormClass" time="179.373" errors="0" timestamp="2024-09-11T14:24:25 IST" skipped="0">
  <testcase classname="Virtusa.MobileFramework.TC_001_FormClass" name="formpagevalidation" time="90.054"/>
  <testcase classname="Virtusa.MobileFramework.TC_001_FormClass" name="formpagevalidation" time="89.319"/>
</testsuite> <!-- Virtusa.MobileFramework.TC_001_FormClass -->
